#
# There is insufficient memory for the Java Runtime Environment to continue.
# Native memory allocation (malloc) failed to allocate 252352 bytes for Chunk::new
# Possible reasons:
#   The system is out of physical RAM or swap space
#   The process is running with CompressedOops enabled, and the Java Heap may be blocking the growth of the native heap
# Possible solutions:
#   Reduce memory load on the system
#   Increase physical memory or swap space
#   Check if swap backing store is full
#   Decrease Java heap size (-Xmx/-Xms)
#   Decrease number of Java threads
#   Decrease Java thread stack sizes (-Xss)
#   Set larger code cache with -XX:ReservedCodeCacheSize=
#   JVM is running with Unscaled Compressed Oops mode in which the Java heap is
#     placed in the first 4GB address space. The Java Heap base address is the
#     maximum limit for the native heap growth. Please use -XX:HeapBaseMinAddress
#     to set the Java Heap base and to place the Java Heap above 4GB virtual address.
# This output file may be truncated or incomplete.
#
#  Out of Memory Error (allocation.cpp:389), pid=5444, tid=0x0000000000003a34
#
# JRE version: OpenJDK Runtime Environment (8.0_242-b01) (build 1.8.0_242-release-1644-b01)
# Java VM: OpenJDK 64-Bit Server VM (25.242-b01 mixed mode windows-amd64 compressed oops)
# Failed to write core dump. Minidumps are not enabled by default on client versions of Windows
#

---------------  T H R E A D  ---------------

Current thread (0x0000000019f04000):  JavaThread "C2 CompilerThread1" daemon [_thread_in_native, id=14900, stack(0x000000001a8e0000,0x000000001a9e0000)]

Stack: [0x000000001a8e0000,0x000000001a9e0000]
[error occurred during error reporting (printing stack bounds), id 0xc0000005]

Native frames: (J=compiled Java code, j=interpreted, Vv=VM code, C=native code)


Current CompileTask:
C2:2018374 24578 %     4       com.android.tools.r8.u.a.i.e::b @ 222 (268 bytes)


---------------  P R O C E S S  ---------------

Java Threads: ( => current thread )
  0x000000001b65a800 JavaThread "stdout" [_thread_in_native, id=13784, stack(0x000000002a3d0000,0x000000002a4d0000)]
  0x000000001b65e800 JavaThread "stderr" [_thread_in_native, id=11320, stack(0x000000002a0d0000,0x000000002a1d0000)]
  0x000000001b65d800 JavaThread "pool-16-thread-1" [_thread_blocked, id=3124, stack(0x0000000029dd0000,0x0000000029ed0000)]
  0x00000000209bb800 JavaThread "WorkerExecutor Queue Thread 2" [_thread_blocked, id=1040, stack(0x0000000029cd0000,0x0000000029dd0000)]
  0x00000000209bb000 JavaThread "WorkerExecutor Queue" [_thread_blocked, id=3100, stack(0x0000000029bd0000,0x0000000029cd0000)]
  0x00000000209c0800 JavaThread "Cache worker for execution history cache (D:\Games\Instaclone\.gradle\6.1.1\executionHistory)" [_thread_blocked, id=12356, stack(0x0000000029440000,0x0000000029540000)]
  0x00000000209bf000 JavaThread "Execution worker for ':' Thread 7" [_thread_blocked, id=7440, stack(0x0000000029340000,0x0000000029440000)]
  0x00000000209be000 JavaThread "Execution worker for ':' Thread 6" [_thread_in_native, id=5472, stack(0x0000000029240000,0x0000000029340000)]
  0x00000000209bd000 JavaThread "Execution worker for ':' Thread 5" [_thread_in_native, id=12728, stack(0x0000000029040000,0x0000000029140000)]
  0x00000000209b3800 JavaThread "Execution worker for ':' Thread 4" [_thread_in_Java, id=11380, stack(0x0000000028c40000,0x0000000028d40000)]
  0x00000000209ba000 JavaThread "Execution worker for ':' Thread 3" [_thread_in_Java, id=1364, stack(0x0000000028360000,0x0000000028460000)]
  0x00000000209b9800 JavaThread "Execution worker for ':' Thread 2" [_thread_in_Java, id=8900, stack(0x0000000028060000,0x0000000028160000)]
  0x00000000209b8000 JavaThread "Execution worker for ':'" [_thread_blocked, id=10136, stack(0x0000000027f60000,0x0000000028060000)]
  0x00000000209b7000 JavaThread "Cache worker for file content cache (D:\Games\Instaclone\.gradle\6.1.1\fileContent)" [_thread_blocked, id=8332, stack(0x0000000027e60000,0x0000000027f60000)]
  0x0000000026dbb000 JavaThread "Cache worker for Build Output Cleanup Cache (D:\Games\Instaclone\.gradle\buildOutputCleanup)" [_thread_blocked, id=4832, stack(0x0000000027700000,0x0000000027800000)]
  0x0000000026dba800 JavaThread "Build operations Thread 8" [_thread_blocked, id=5756, stack(0x00000000265f0000,0x00000000266f0000)]
  0x0000000026db9000 JavaThread "Build operations Thread 7" [_thread_blocked, id=1156, stack(0x00000000264f0000,0x00000000265f0000)]
  0x0000000026db9800 JavaThread "Build operations Thread 6" [_thread_blocked, id=936, stack(0x0000000024540000,0x0000000024640000)]
  0x0000000026db2000 JavaThread "Build operations Thread 5" [_thread_blocked, id=11372, stack(0x0000000023c40000,0x0000000023d40000)]
  0x0000000026db8000 JavaThread "Build operations Thread 4" [_thread_blocked, id=12828, stack(0x0000000023b40000,0x0000000023c40000)]
  0x0000000026db4800 JavaThread "Build operations Thread 3" [_thread_blocked, id=11348, stack(0x0000000023a40000,0x0000000023b40000)]
  0x0000000026db6000 JavaThread "Build operations Thread 2" [_thread_blocked, id=6776, stack(0x0000000023940000,0x0000000023a40000)]
  0x0000000026db3800 JavaThread "Build operations" [_thread_blocked, id=7544, stack(0x0000000023840000,0x0000000023940000)]
  0x0000000026db3000 JavaThread "Cache worker for cache directory md-rule (C:\Users\Win 10\.gradle\caches\6.1.1\md-rule)" [_thread_blocked, id=12168, stack(0x0000000023740000,0x0000000023840000)]
  0x0000000026db6800 JavaThread "Cache worker for cache directory md-supplier (C:\Users\Win 10\.gradle\caches\6.1.1\md-supplier)" [_thread_blocked, id=12260, stack(0x0000000023640000,0x0000000023740000)]
  0x0000000026db0800 JavaThread "Cache worker for file hash cache (D:\Games\Instaclone\.gradle\6.1.1\fileHashes)" [_thread_blocked, id=13480, stack(0x00000000232f0000,0x00000000233f0000)]
  0x0000000026db7800 JavaThread "Cache worker for checksums cache (D:\Games\Instaclone\.gradle\checksums)" [_thread_blocked, id=9212, stack(0x0000000021720000,0x0000000021820000)]
  0x0000000026dad800 JavaThread "Thread-299" [_thread_blocked, id=13176, stack(0x00000000211c0000,0x00000000212c0000)]
  0x0000000026daf800 JavaThread "Stdin handler" [_thread_blocked, id=12592, stack(0x000000001e820000,0x000000001e920000)]
  0x0000000026db1000 JavaThread "Asynchronous log dispatcher for DefaultDaemonConnection: socket connection from /127.0.0.1:54828 to /127.0.0.1:56536" [_thread_blocked, id=10420, stack(0x000000001e720000,0x000000001e820000)]
  0x0000000026daf000 JavaThread "Daemon worker Thread 9" [_thread_in_Java, id=7268, stack(0x000000001e520000,0x000000001e620000)]
  0x0000000025e71800 JavaThread "Cancel handler" [_thread_blocked, id=4320, stack(0x000000001e420000,0x000000001e520000)]
  0x0000000025e70000 JavaThread "Handler for socket connection from /127.0.0.1:54828 to /127.0.0.1:56536" [_thread_in_native, id=4852, stack(0x000000001e320000,0x000000001e420000)]
  0x0000000025e75800 JavaThread "Daemon Thread 8" [_thread_blocked, id=7028, stack(0x000000001e020000,0x000000001e120000)]
  0x0000000025e6f800 JavaThread "RMI TCP Connection(20)-127.0.0.1" daemon [_thread_in_native, id=12956, stack(0x000000001df20000,0x000000001e020000)]
  0x00000000209b2800 JavaThread "Cache worker for Java compile cache (C:\Users\Win 10\.gradle\caches\6.1.1\javaCompile)" [_thread_blocked, id=14072, stack(0x0000000029140000,0x0000000029240000)]
  0x00000000209b5800 JavaThread "RMI Reaper" [_thread_blocked, id=14252, stack(0x0000000028f40000,0x0000000029040000)]
  0x00000000209b1000 JavaThread "RMI TCP Accept-0" daemon [_thread_in_native, id=2608, stack(0x0000000028e40000,0x0000000028f40000)]
  0x00000000209b5000 JavaThread "GC Daemon" daemon [_thread_blocked, id=12248, stack(0x0000000028d40000,0x0000000028e40000)]
  0x000000001b666800 JavaThread "RMI Scheduler(0)" daemon [_thread_blocked, id=13360, stack(0x0000000028b40000,0x0000000028c40000)]
  0x000000001b9e1000 JavaThread "Cache worker for file content cache (C:\Users\Win 10\.gradle\caches\6.1.1\fileContent)" [_thread_blocked, id=1288, stack(0x00000000263f0000,0x00000000264f0000)]
  0x000000001b9df000 JavaThread "Memory manager" [_thread_blocked, id=15200, stack(0x00000000262f0000,0x00000000263f0000)]
  0x0000000019f1d800 JavaThread "Cache worker for execution history cache (C:\Users\Win 10\.gradle\caches\6.1.1\executionHistory)" [_thread_blocked, id=820, stack(0x0000000021820000,0x0000000021920000)]
  0x0000000019f19000 JavaThread "Cache worker for file hash cache (C:\Users\Win 10\.gradle\caches\6.1.1\fileHashes)" [_thread_blocked, id=8260, stack(0x000000001ed20000,0x000000001ee20000)]
  0x0000000019f1a000 JavaThread "File lock request listener" [_thread_in_native, id=6976, stack(0x000000001ec20000,0x000000001ed20000)]
  0x000000001cabd800 JavaThread "Cache worker for journal cache (C:\Users\Win 10\.gradle\caches\journal-1)" [_thread_blocked, id=9992, stack(0x000000001eb20000,0x000000001ec20000)]
  0x000000001c5bf000 JavaThread "Daemon periodic checks" [_thread_blocked, id=9176, stack(0x000000001de20000,0x000000001df20000)]
  0x000000001c38f000 JavaThread "Incoming local TCP Connector on port 54828" [_thread_in_native, id=14808, stack(0x000000001dbc0000,0x000000001dcc0000)]
  0x000000001c80f000 JavaThread "Daemon health stats" [_thread_blocked, id=4448, stack(0x000000001d580000,0x000000001d680000)]
  0x0000000019f9d800 JavaThread "Service Thread" daemon [_thread_blocked, id=13956, stack(0x000000001abe0000,0x000000001ace0000)]
  0x0000000019f1c000 JavaThread "C1 CompilerThread3" daemon [_thread_in_native, id=13696, stack(0x000000001aae0000,0x000000001abe0000)]
  0x0000000019f0a800 JavaThread "C2 CompilerThread2" daemon [_thread_in_native, id=12244, stack(0x000000001a9e0000,0x000000001aae0000)]
=>0x0000000019f04000 JavaThread "C2 CompilerThread1" daemon [_thread_in_native, id=14900, stack(0x000000001a8e0000,0x000000001a9e0000)]
  0x0000000019f01000 JavaThread "C2 CompilerThread0" daemon [_thread_blocked, id=11796, stack(0x000000001a7e0000,0x000000001a8e0000)]
  0x0000000019f00000 JavaThread "Attach Listener" daemon [_thread_blocked, id=6784, stack(0x000000001a6e0000,0x000000001a7e0000)]
  0x0000000019eff000 JavaThread "Signal Dispatcher" daemon [_thread_blocked, id=13848, stack(0x000000001a5e0000,0x000000001a6e0000)]
  0x00000000180c2000 JavaThread "Finalizer" daemon [_thread_blocked, id=15192, stack(0x000000001a3d0000,0x000000001a4d0000)]
  0x0000000003047800 JavaThread "Reference Handler" daemon [_thread_blocked, id=1932, stack(0x000000001a2d0000,0x000000001a3d0000)]
  0x0000000002f52800 JavaThread "main" [_thread_blocked, id=9456, stack(0x0000000002d90000,0x0000000002e90000)]

Other Threads:
  0x00000000180b6800 VMThread [stack: 0x0000000019dd0000,0x0000000019ed0000] [id=14744]
  0x0000000019f9e800 WatcherThread [stack: 0x000000001ace0000,0x000000001ade0000] [id=13864]

VM state:not at safepoint (normal execution)

VM Mutex/Monitor currently owned by a thread: None

OutOfMemory and StackOverflow Exception counts:
OutOfMemoryError java_heap_errors=1

heap address: 0x0000000080000000, size: 2048 MB, Compressed Oops mode: 32-bit
Narrow klass base: 0x0000000000000000, Narrow klass shift: 3
Compressed class space size: 1073741824 Address: 0x0000000100000000

Heap:
 PSYoungGen      total 456192K, used 58659K [0x00000000d5580000, 0x00000000f5200000, 0x0000000100000000)
  eden space 399360K, 6% used [0x00000000d5580000,0x00000000d6f03230,0x00000000edb80000)
  from space 56832K, 57% used [0x00000000f1480000,0x00000000f3445b30,0x00000000f4c00000)
  to   space 58368K, 0% used [0x00000000edb80000,0x00000000edb80000,0x00000000f1480000)
 ParOldGen       total 272384K, used 93941K [0x0000000080000000, 0x0000000090a00000, 0x00000000d5580000)
  object space 272384K, 34% used [0x0000000080000000,0x0000000085bbd420,0x0000000090a00000)
 Metaspace       used 103210K, capacity 110108K, committed 110232K, reserved 1144832K
  class space    used 13483K, capacity 14728K, committed 14760K, reserved 1048576K

Card table byte_map: [0x0000000012410000,0x0000000012820000] byte_map_base: 0x0000000012010000

Marking Bits: (ParMarkBitMap*) 0x0000000075c3f030
 Begin Bits: [0x00000000132d0000, 0x00000000152d0000)
 End Bits:   [0x00000000152d0000, 0x00000000172d0000)

Polling page: 0x0000000001510000

CodeCache: size=245760Kb used=67201Kb max_used=67201Kb free=178558Kb
 bounds [0x0000000003050000, 0x0000000007250000, 0x0000000012050000]
 total_blobs=19931 nmethods=19002 adapters=841
 compilation: enabled

Compilation events (10 events):
Event: 2018.327 Thread 0x0000000019f1c000 nmethod 24785 0x000000000724bc50 code [0x000000000724be40, 0x000000000724c238]
Event: 2018.358 Thread 0x0000000019f1c000 24786       2       com.android.tools.r8.ir.regalloc.b::y (115 bytes)
Event: 2018.359 Thread 0x0000000019f1c000 nmethod 24786 0x000000000724c4d0 code [0x000000000724c660, 0x000000000724c9a8]
Event: 2018.359 Thread 0x0000000019f1c000 24787       2       com.android.tools.r8.v.a.a.a.f.e0::iterator (9 bytes)
Event: 2018.359 Thread 0x0000000019f1c000 nmethod 24787 0x000000000724cc50 code [0x000000000724cda0, 0x000000000724cf50]
Event: 2018.359 Thread 0x0000000019f1c000 24788       1       java.util.WeakHashMap$Entry::getValue (5 bytes)
Event: 2018.359 Thread 0x0000000019f1c000 nmethod 24788 0x000000000724cfd0 code [0x000000000724d120, 0x000000000724d230]
Event: 2018.360 Thread 0x0000000019f1c000 24789   !   2       javax.management.MBeanServerInvocationHandler::invoke (383 bytes)
Event: 2018.366 Thread 0x0000000019f1c000 nmethod 24789 0x000000000724d290 code [0x000000000724d560, 0x000000000724e0a8]
Event: 2018.366 Thread 0x0000000019f1c000 24791 %     3       com.android.tools.r8.ir.regalloc.a::a @ 2198 (3993 bytes)

GC Heap History (10 events):
Event: 489.411 GC heap before
{Heap before GC invocations=29 (full 5):
 PSYoungGen      total 367616K, used 303276K [0x00000000d5580000, 0x00000000f3400000, 0x0000000100000000)
  eden space 299520K, 100% used [0x00000000d5580000,0x00000000e7a00000,0x00000000e7a00000)
  from space 68096K, 5% used [0x00000000e7a00000,0x00000000e7dab370,0x00000000ebc80000)
  to   space 67072K, 0% used [0x00000000ef280000,0x00000000ef280000,0x00000000f3400000)
 ParOldGen       total 272384K, used 93901K [0x0000000080000000, 0x0000000090a00000, 0x00000000d5580000)
  object space 272384K, 34% used [0x0000000080000000,0x0000000085bb3420,0x0000000090a00000)
 Metaspace       used 99222K, capacity 104620K, committed 105112K, reserved 1140736K
  class space    used 13013K, capacity 14032K, committed 14248K, reserved 1048576K
Event: 489.427 GC heap after
Heap after GC invocations=29 (full 5):
 PSYoungGen      total 400384K, used 10640K [0x00000000d5580000, 0x00000000f2680000, 0x0000000100000000)
  eden space 347136K, 0% used [0x00000000d5580000,0x00000000d5580000,0x00000000ea880000)
  from space 53248K, 19% used [0x00000000ef280000,0x00000000efce4030,0x00000000f2680000)
  to   space 64512K, 0% used [0x00000000ea880000,0x00000000ea880000,0x00000000ee780000)
 ParOldGen       total 272384K, used 93909K [0x0000000080000000, 0x0000000090a00000, 0x00000000d5580000)
  object space 272384K, 34% used [0x0000000080000000,0x0000000085bb5420,0x0000000090a00000)
 Metaspace       used 99222K, capacity 104620K, committed 105112K, reserved 1140736K
  class space    used 13013K, capacity 14032K, committed 14248K, reserved 1048576K
}
Event: 654.142 GC heap before
{Heap before GC invocations=30 (full 5):
 PSYoungGen      total 400384K, used 357776K [0x00000000d5580000, 0x00000000f2680000, 0x0000000100000000)
  eden space 347136K, 100% used [0x00000000d5580000,0x00000000ea880000,0x00000000ea880000)
  from space 53248K, 19% used [0x00000000ef280000,0x00000000efce4030,0x00000000f2680000)
  to   space 64512K, 0% used [0x00000000ea880000,0x00000000ea880000,0x00000000ee780000)
 ParOldGen       total 272384K, used 93909K [0x0000000080000000, 0x0000000090a00000, 0x00000000d5580000)
  object space 272384K, 34% used [0x0000000080000000,0x0000000085bb5420,0x0000000090a00000)
 Metaspace       used 99454K, capacity 104816K, committed 105112K, reserved 1140736K
  class space    used 13025K, capacity 14054K, committed 14248K, reserved 1048576K
Event: 654.161 GC heap after
Heap after GC invocations=30 (full 5):
 PSYoungGen      total 411648K, used 11840K [0x00000000d5580000, 0x00000000f4380000, 0x0000000100000000)
  eden space 347136K, 0% used [0x00000000d5580000,0x00000000d5580000,0x00000000ea880000)
  from space 64512K, 18% used [0x00000000ea880000,0x00000000eb410040,0x00000000ee780000)
  to   space 61952K, 0% used [0x00000000f0700000,0x00000000f0700000,0x00000000f4380000)
 ParOldGen       total 272384K, used 93917K [0x0000000080000000, 0x0000000090a00000, 0x00000000d5580000)
  object space 272384K, 34% used [0x0000000080000000,0x0000000085bb7420,0x0000000090a00000)
 Metaspace       used 99454K, capacity 104816K, committed 105112K, reserved 1140736K
  class space    used 13025K, capacity 14054K, committed 14248K, reserved 1048576K
}
Event: 1103.800 GC heap before
{Heap before GC invocations=31 (full 5):
 PSYoungGen      total 411648K, used 358976K [0x00000000d5580000, 0x00000000f4380000, 0x0000000100000000)
  eden space 347136K, 100% used [0x00000000d5580000,0x00000000ea880000,0x00000000ea880000)
  from space 64512K, 18% used [0x00000000ea880000,0x00000000eb410040,0x00000000ee780000)
  to   space 61952K, 0% used [0x00000000f0700000,0x00000000f0700000,0x00000000f4380000)
 ParOldGen       total 272384K, used 93917K [0x0000000080000000, 0x0000000090a00000, 0x00000000d5580000)
  object space 272384K, 34% used [0x0000000080000000,0x0000000085bb7420,0x0000000090a00000)
 Metaspace       used 100572K, capacity 107074K, committed 107288K, reserved 1142784K
  class space    used 13184K, capacity 14343K, committed 14376K, reserved 1048576K
Event: 1103.820 GC heap after
Heap after GC invocations=31 (full 5):
 PSYoungGen      total 426496K, used 9468K [0x00000000d5580000, 0x00000000f3880000, 0x0000000100000000)
  eden space 375808K, 0% used [0x00000000d5580000,0x00000000d5580000,0x00000000ec480000)
  from space 50688K, 18% used [0x00000000f0700000,0x00000000f103f238,0x00000000f3880000)
  to   space 59392K, 0% used [0x00000000ec480000,0x00000000ec480000,0x00000000efe80000)
 ParOldGen       total 272384K, used 93925K [0x0000000080000000, 0x0000000090a00000, 0x00000000d5580000)
  object space 272384K, 34% used [0x0000000080000000,0x0000000085bb9420,0x0000000090a00000)
 Metaspace       used 100572K, capacity 107074K, committed 107288K, reserved 1142784K
  class space    used 13184K, capacity 14343K, committed 14376K, reserved 1048576K
}
Event: 2013.168 GC heap before
{Heap before GC invocations=32 (full 5):
 PSYoungGen      total 426496K, used 385276K [0x00000000d5580000, 0x00000000f3880000, 0x0000000100000000)
  eden space 375808K, 100% used [0x00000000d5580000,0x00000000ec480000,0x00000000ec480000)
  from space 50688K, 18% used [0x00000000f0700000,0x00000000f103f238,0x00000000f3880000)
  to   space 59392K, 0% used [0x00000000ec480000,0x00000000ec480000,0x00000000efe80000)
 ParOldGen       total 272384K, used 93925K [0x0000000080000000, 0x0000000090a00000, 0x00000000d5580000)
  object space 272384K, 34% used [0x0000000080000000,0x0000000085bb9420,0x0000000090a00000)
 Metaspace       used 102967K, capacity 109788K, committed 109976K, reserved 1144832K
  class space    used 13445K, capacity 14636K, committed 14760K, reserved 1048576K
Event: 2013.195 GC heap after
Heap after GC invocations=32 (full 5):
 PSYoungGen      total 435200K, used 11772K [0x00000000d5580000, 0x00000000f4c00000, 0x0000000100000000)
  eden space 375808K, 0% used [0x00000000d5580000,0x00000000d5580000,0x00000000ec480000)
  from space 59392K, 19% used [0x00000000ec480000,0x00000000ecfff1e0,0x00000000efe80000)
  to   space 56832K, 0% used [0x00000000f1480000,0x00000000f1480000,0x00000000f4c00000)
 ParOldGen       total 272384K, used 93933K [0x0000000080000000, 0x0000000090a00000, 0x00000000d5580000)
  object space 272384K, 34% used [0x0000000080000000,0x0000000085bbb420,0x0000000090a00000)
 Metaspace       used 102967K, capacity 109788K, committed 109976K, reserved 1144832K
  class space    used 13445K, capacity 14636K, committed 14760K, reserved 1048576K
}
Event: 2018.239 GC heap before
{Heap before GC invocations=33 (full 5):
 PSYoungGen      total 435200K, used 387580K [0x00000000d5580000, 0x00000000f4c00000, 0x0000000100000000)
  eden space 375808K, 99% used [0x00000000d5580000,0x00000000ec47fe70,0x00000000ec480000)
  from space 59392K, 19% used [0x00000000ec480000,0x00000000ecfff1e0,0x00000000efe80000)
  to   space 56832K, 0% used [0x00000000f1480000,0x00000000f1480000,0x00000000f4c00000)
 ParOldGen       total 272384K, used 93933K [0x0000000080000000, 0x0000000090a00000, 0x00000000d5580000)
  object space 272384K, 34% used [0x0000000080000000,0x0000000085bbb420,0x0000000090a00000)
 Metaspace       used 103201K, capacity 110108K, committed 110232K, reserved 1144832K
  class space    used 13483K, capacity 14728K, committed 14760K, reserved 1048576K
Event: 2018.317 GC heap after
Heap after GC invocations=33 (full 5):
 PSYoungGen      total 456192K, used 32534K [0x00000000d5580000, 0x00000000f5200000, 0x0000000100000000)
  eden space 399360K, 0% used [0x00000000d5580000,0x00000000d5580000,0x00000000edb80000)
  from space 56832K, 57% used [0x00000000f1480000,0x00000000f3445b30,0x00000000f4c00000)
  to   space 58368K, 0% used [0x00000000edb80000,0x00000000edb80000,0x00000000f1480000)
 ParOldGen       total 272384K, used 93941K [0x0000000080000000, 0x0000000090a00000, 0x00000000d5580000)
  object space 272384K, 34% used [0x0000000080000000,0x0000000085bbd420,0x0000000090a00000)
 Metaspace       used 103201K, capacity 110108K, committed 110232K, reserved 1144832K
  class space    used 13483K, capacity 14728K, committed 14760K, reserved 1048576K
}

Deoptimization events (10 events):
Event: 2018.361 Thread 0x00000000209ba000 Uncommon trap: reason=unstable_if action=reinterpret pc=0x0000000005bd83d4 method=com.android.tools.r8.utils.g0.t()Z @ 34
Event: 2018.362 Thread 0x00000000209b8000 Uncommon trap: reason=bimorphic action=maybe_recompile pc=0x0000000004a070d0 method=org.gradle.internal.snapshot.CompositeFileSystemSnapshot.accept(Lorg/gradle/internal/snapshot/FileSystemSnapshotVisitor;)V @ 29
Event: 2018.363 Thread 0x00000000209b8000 Uncommon trap: reason=class_check action=maybe_recompile pc=0x000000000397202c method=org.gradle.internal.fingerprint.impl.AbsolutePathFingerprintingStrategy$1.visitFile(Lorg/gradle/internal/snapshot/CompleteFileSystemLocationSnapshot;)V @ 18
Event: 2018.363 Thread 0x00000000209b8000 Uncommon trap: reason=bimorphic action=maybe_recompile pc=0x00000000068c0b60 method=org.gradle.internal.fingerprint.impl.DefaultCurrentFileCollectionFingerprint.from(Ljava/lang/Iterable;Lorg/gradle/internal/fingerprint/FingerprintingStrategy;)Lorg/gradle/
Event: 2018.363 Thread 0x00000000209b8000 Uncommon trap: reason=class_check action=maybe_recompile pc=0x0000000006d05f28 method=org.gradle.api.internal.artifacts.transform.DefaultTransformerInvocationFactory$2.lambda$call$2(Ljava/lang/String;Lorg/gradle/api/internal/artifacts/transform/CachingTra
Event: 2018.364 Thread 0x00000000209b8000 Uncommon trap: reason=class_check action=maybe_recompile pc=0x000000000367b740 method=java.lang.Throwable.<init>(Ljava/lang/String;Ljava/lang/Throwable;)V @ 24
Event: 2018.364 Thread 0x00000000209b8000 Uncommon trap: reason=class_check action=maybe_recompile pc=0x00000000065e9ecc method=org.gradle.api.internal.artifacts.transform.DefaultTransformerInvocationFactory.lambda$doTransform$0(Lorg/gradle/api/internal/artifacts/transform/Transformer;Lorg/gradle
Event: 2018.364 Thread 0x00000000209b8000 Uncommon trap: reason=class_check action=maybe_recompile pc=0x0000000004dde934 method=org.gradle.api.internal.artifacts.transform.ImmutableTransformationWorkspaceProvider.withWorkspace(Lorg/gradle/api/internal/artifacts/transform/TransformationWorkspaceId
Event: 2018.364 Thread 0x00000000209b8000 Uncommon trap: reason=class_check action=maybe_recompile pc=0x0000000006b78e4c method=org.gradle.api.internal.artifacts.transform.AbstractCachingTransformationWorkspaceProvider.withWorkspace(Lorg/gradle/api/internal/artifacts/transform/TransformationWorks
Event: 2018.365 Thread 0x00000000209b8000 Uncommon trap: reason=class_check action=maybe_recompile pc=0x0000000006cc15dc method=org.gradle.api.internal.artifacts.transform.TransformationNode$ChainedTransformationNode.execute(Lorg/gradle/api/internal/tasks/NodeExecutionContext;)V @ 19

Classes redefined (0 events):
No events

Internal exceptions (10 events):
Event: 2017.990 Thread 0x00000000209ba000 Exception <a 'sun/nio/fs/WindowsException'> (0x00000000e6430700) thrown at [C:\src\AOSP-openjdk-git\hotspot\src\share\vm\prims\jni.cpp, line 710]
Event: 2018.013 Thread 0x00000000209b9800 Exception <a 'sun/nio/fs/WindowsException'> (0x00000000e6363328) thrown at [C:\src\AOSP-openjdk-git\hotspot\src\share\vm\prims\jni.cpp, line 710]
Event: 2018.022 Thread 0x00000000209b8000 Exception <a 'sun/nio/fs/WindowsException'> (0x00000000e701fcf8) thrown at [C:\src\AOSP-openjdk-git\hotspot\src\share\vm\prims\jni.cpp, line 710]
Event: 2018.029 Thread 0x00000000209be000 Exception <a 'sun/nio/fs/WindowsException'> (0x00000000e7251db8) thrown at [C:\src\AOSP-openjdk-git\hotspot\src\share\vm\prims\jni.cpp, line 710]
Event: 2018.042 Thread 0x0000000026daf000 Exception <a 'sun/nio/fs/WindowsException'> (0x00000000e53651a0) thrown at [C:\src\AOSP-openjdk-git\hotspot\src\share\vm\prims\jni.cpp, line 710]
Event: 2018.099 Thread 0x00000000209ba000 Exception <a 'sun/nio/fs/WindowsException'> (0x00000000e8bb8588) thrown at [C:\src\AOSP-openjdk-git\hotspot\src\share\vm\prims\jni.cpp, line 710]
Event: 2018.126 Thread 0x0000000026daf000 Exception <a 'sun/nio/fs/WindowsException'> (0x00000000e96df8a0) thrown at [C:\src\AOSP-openjdk-git\hotspot\src\share\vm\prims\jni.cpp, line 710]
Event: 2018.223 Thread 0x0000000026daf000 Exception <a 'sun/nio/fs/WindowsException'> (0x00000000ebeb0410) thrown at [C:\src\AOSP-openjdk-git\hotspot\src\share\vm\prims\jni.cpp, line 710]
Event: 2018.320 Thread 0x00000000209be000 Exception <a 'sun/nio/fs/WindowsException'> (0x00000000d567d9e0) thrown at [C:\src\AOSP-openjdk-git\hotspot\src\share\vm\prims\jni.cpp, line 710]
Event: 2018.358 Thread 0x00000000209b8000 Exception <a 'java/lang/OutOfMemoryError'> (0x00000000d5fc7358) thrown at [C:\src\AOSP-openjdk-git\hotspot\src\share\vm\prims\jni.cpp, line 737]

Events (10 events):
Event: 2018.364 Thread 0x00000000209b8000 DEOPT PACKING pc=0x0000000004dde934 sp=0x000000002805e600
Event: 2018.364 Thread 0x00000000209b8000 DEOPT UNPACKING pc=0x000000000309557b sp=0x000000002805e4d0 mode 2
Event: 2018.364 Thread 0x00000000209b8000 Uncommon trap: trap_request=0xffffffde fr.pc=0x0000000006b78e4c
Event: 2018.365 Thread 0x00000000209b8000 DEOPT PACKING pc=0x0000000006b78e4c sp=0x000000002805e810
Event: 2018.365 Thread 0x00000000209b8000 DEOPT UNPACKING pc=0x000000000309557b sp=0x000000002805e3e0 mode 2
Event: 2018.365 Thread 0x00000000209b8000 Uncommon trap: trap_request=0xffffffde fr.pc=0x0000000006cc15dc
Event: 2018.365 Thread 0x00000000209b8000 DEOPT PACKING pc=0x0000000006cc15dc sp=0x000000002805e9d0
Event: 2018.365 Thread 0x00000000209b8000 DEOPT UNPACKING pc=0x000000000309557b sp=0x000000002805e638 mode 2
Event: 2018.365 Thread 0x00000000209ba000 DEOPT PACKING pc=0x00000000055b7826 sp=0x000000002845b640
Event: 2018.365 Thread 0x00000000209ba000 DEOPT UNPACKING pc=0x00000000030971d0 sp=0x000000002845b700 mode 0


Dynamic libraries:
0x00007ff67da10000 - 0x00007ff67da41000 	D:\Program Files\Android\Android_Studio\jre\bin\java.exe
0x00007ff9c05c0000 - 0x00007ff9c07b0000 	C:\Windows\SYSTEM32\ntdll.dll
0x00007ff994530000 - 0x00007ff994543000 	C:\Program Files\Avast Software\Avast\aswhook.dll
0x00007ff9bf6c0000 - 0x00007ff9bf772000 	C:\Windows\System32\KERNEL32.DLL
0x00007ff9be340000 - 0x00007ff9be5e4000 	C:\Windows\System32\KERNELBASE.dll
0x00007ff9be790000 - 0x00007ff9be833000 	C:\Windows\System32\ADVAPI32.dll
0x00007ff9be930000 - 0x00007ff9be9ce000 	C:\Windows\System32\msvcrt.dll
0x00007ff9bf9e0000 - 0x00007ff9bfa77000 	C:\Windows\System32\sechost.dll
0x00007ff9bece0000 - 0x00007ff9bee00000 	C:\Windows\System32\RPCRT4.dll
0x00007ff9bf520000 - 0x00007ff9bf6b4000 	C:\Windows\System32\USER32.dll
0x00007ff9be160000 - 0x00007ff9be181000 	C:\Windows\System32\win32u.dll
0x00007ff9bee00000 - 0x00007ff9bee26000 	C:\Windows\System32\GDI32.dll
0x00007ff9bdfc0000 - 0x00007ff9be156000 	C:\Windows\System32\gdi32full.dll
0x00007ff9bde40000 - 0x00007ff9bdede000 	C:\Windows\System32\msvcp_win.dll
0x00007ff9be1f0000 - 0x00007ff9be2ea000 	C:\Windows\System32\ucrtbase.dll
0x00007ff9b3070000 - 0x00007ff9b32f4000 	C:\Windows\WinSxS\amd64_microsoft.windows.common-controls_6595b64144ccf1df_6.0.18362.959_none_e6c7bbbf130c62bb\COMCTL32.dll
0x00007ff9c0240000 - 0x00007ff9c0575000 	C:\Windows\System32\combase.dll
0x00007ff9be5f0000 - 0x00007ff9be670000 	C:\Windows\System32\bcryptPrimitives.dll
0x00007ff9be760000 - 0x00007ff9be78e000 	C:\Windows\System32\IMM32.DLL
0x00000000729d0000 - 0x0000000072aa2000 	D:\Program Files\Android\Android_Studio\jre\jre\bin\msvcr100.dll
0x0000000075470000 - 0x0000000075cbb000 	D:\Program Files\Android\Android_Studio\jre\jre\bin\server\jvm.dll
0x00007ff9bee30000 - 0x00007ff9bee38000 	C:\Windows\System32\PSAPI.DLL
0x00007ff9af9e0000 - 0x00007ff9af9e9000 	C:\Windows\SYSTEM32\WSOCK32.dll
0x00007ff9bf840000 - 0x00007ff9bf8af000 	C:\Windows\System32\WS2_32.dll
0x00007ff9bb3e0000 - 0x00007ff9bb404000 	C:\Windows\SYSTEM32\WINMM.dll
0x00007ff9b84e0000 - 0x00007ff9b84ea000 	C:\Windows\SYSTEM32\VERSION.dll
0x00007ff9baf60000 - 0x00007ff9baf8d000 	C:\Windows\SYSTEM32\WINMMBASE.dll
0x00007ff9be2f0000 - 0x00007ff9be33a000 	C:\Windows\System32\cfgmgr32.dll
0x00007ff9b9df0000 - 0x00007ff9b9dff000 	D:\Program Files\Android\Android_Studio\jre\jre\bin\verify.dll
0x00007ff9a9950000 - 0x00007ff9a9979000 	D:\Program Files\Android\Android_Studio\jre\jre\bin\java.dll
0x00007ff9aa160000 - 0x00007ff9aa176000 	D:\Program Files\Android\Android_Studio\jre\jre\bin\zip.dll
0x00007ff9bfa80000 - 0x00007ff9c0166000 	C:\Windows\System32\SHELL32.dll
0x00007ff9bf410000 - 0x00007ff9bf4b9000 	C:\Windows\System32\shcore.dll
0x00007ff9bd560000 - 0x00007ff9bdce2000 	C:\Windows\System32\windows.storage.dll
0x00007ff9bd480000 - 0x00007ff9bd4a3000 	C:\Windows\System32\profapi.dll
0x00007ff9bd4b0000 - 0x00007ff9bd4fa000 	C:\Windows\System32\powrprof.dll
0x00007ff9bd470000 - 0x00007ff9bd480000 	C:\Windows\System32\UMPDC.dll
0x00007ff9bf780000 - 0x00007ff9bf7d2000 	C:\Windows\System32\shlwapi.dll
0x00007ff9bd500000 - 0x00007ff9bd511000 	C:\Windows\System32\kernel.appcore.dll
0x00007ff9bd540000 - 0x00007ff9bd557000 	C:\Windows\System32\cryptsp.dll
0x00007ff9a8310000 - 0x00007ff9a832a000 	D:\Program Files\Android\Android_Studio\jre\jre\bin\net.dll
0x00007ff9bcc80000 - 0x00007ff9bcce7000 	C:\Windows\system32\mswsock.dll
0x00007ff99ba20000 - 0x00007ff99ba33000 	D:\Program Files\Android\Android_Studio\jre\jre\bin\nio.dll
0x00007ff992890000 - 0x00007ff9928b6000 	C:\Users\Win 10\.gradle\native\31\windows-amd64\native-platform.dll
0x00007ff9b9d50000 - 0x00007ff9b9d5d000 	D:\Program Files\Android\Android_Studio\jre\jre\bin\management.dll
0x00007ff9bc7f0000 - 0x00007ff9bc823000 	C:\Windows\system32\rsaenh.dll
0x00007ff9bdf90000 - 0x00007ff9bdfb6000 	C:\Windows\System32\bcrypt.dll
0x00007ff9bd360000 - 0x00007ff9bd385000 	C:\Windows\SYSTEM32\USERENV.dll
0x00007ff9bceb0000 - 0x00007ff9bcebc000 	C:\Windows\SYSTEM32\CRYPTBASE.dll
0x00007ff9bc990000 - 0x00007ff9bc9ca000 	C:\Windows\SYSTEM32\IPHLPAPI.DLL
0x00007ff9be9d0000 - 0x00007ff9be9d8000 	C:\Windows\System32\NSI.dll
0x00007ff9b8300000 - 0x00007ff9b8316000 	C:\Windows\SYSTEM32\dhcpcsvc6.DLL
0x00007ff9b82e0000 - 0x00007ff9b82fc000 	C:\Windows\SYSTEM32\dhcpcsvc.DLL
0x00007ff9bc9d0000 - 0x00007ff9bca9b000 	C:\Windows\SYSTEM32\DNSAPI.dll
0x00007ff999200000 - 0x00007ff99921e000 	C:\Users\Win 10\AppData\Local\Temp\native-platform6463691757474661010dir\native-platform.dll

VM Arguments:
jvm_args: -Xmx2048m -Dfile.encoding=windows-1252 -Duser.country=BR -Duser.language=pt -Duser.variant 
java_command: org.gradle.launcher.daemon.bootstrap.GradleDaemon 6.1.1
java_class_path (initial): C:\Users\Win 10\.gradle\wrapper\dists\gradle-6.1.1-all\cfmwm155h49vnt3hynmlrsdst\gradle-6.1.1\lib\gradle-launcher-6.1.1.jar
Launcher Type: SUN_STANDARD

Environment Variables:
PATH=C:\Program Files (x86)\Common Files\Oracle\Java\javapath;C:\Windows\system32;C:\Windows;C:\Windows\System32\Wbem;C:\Windows\System32\WindowsPowerShell\v1.0\;C:\Windows\System32\OpenSSH\;C:\Program Files\dotnet\;C:\Program Files\Microsoft SQL Server\130\Tools\Binn\;C:\Program Files\Microsoft SQL Server\Client SDK\ODBC\170\Tools\Binn\;C:\Program Files (x86)\Microsoft SQL Server\110\Tools\Binn\;C:\Program Files\Microsoft SQL Server\110\Tools\Binn\;C:\Program Files\Microsoft SQL Server\110\DTS\Binn\;C:\Program Files (x86)\Microsoft SQL Server\110\Tools\Binn\ManagementStudio\;C:\Program Files (x86)\Microsoft SQL Server\110\DTS\Binn\;C:\Program Files\Git\cmd;C:\Program Files\TortoiseSVN\bin;C:\Program Files\Microsoft SQL Server\Client SDK\ODBC\130\Tools\Binn\;C:\Program Files (x86)\Microsoft SQL Server\140\Tools\Binn\;C:\Program Files\Microsoft SQL Server\140\Tools\Binn\;C:\Program Files\Microsoft SQL Server\140\DTS\Binn\;C:\Program Files (x86)\Microsoft SQL Server\150\DTS\Binn\;C:\Program Files (x86)\Microsoft SQL Server\90\Tools\binn\;C:\Users\Win 10\AppData\Local\Microsoft\WindowsApps;C:\Users\Win 10\AppData\Local\GitHubDesktop\bin
USERNAME=Win 10
OS=Windows_NT
PROCESSOR_IDENTIFIER=AMD64 Family 21 Model 1 Stepping 2, AuthenticAMD



---------------  S Y S T E M  ---------------

OS: Windows 10.0 , 64 bit Build 18362 (10.0.18362.959)

CPU:total 8 (initial active 8) (8 cores per cpu, 1 threads per core) family 21 model 1 stepping 2, cmov, cx8, fxsr, mmx, sse, sse2, sse3, ssse3, sse4.1, sse4.2, popcnt, avx, aes, clmul, mmxext, 3dnowpref, lzcnt, sse4a, tsc, tscinvbit, tscinv

Memory: 4k page, physical 8294308k(845116k free), swap 11440036k(1176k free)

vm_info: OpenJDK 64-Bit Server VM (25.242-b01) for windows-amd64 JRE (1.8.0_242-release-1644-b01), built by "builder" with MS VC++ 10.0 (VS2010)

time: Mon Aug 03 22:19:52 2020
timezone: Hora oficial do Brasil
elapsed time: 2018 seconds (0d 0h 33m 38s)

