#
# There is insufficient memory for the Java Runtime Environment to continue.
# Native memory allocation (malloc) failed to allocate 1048576 bytes for AllocateHeap
# Possible reasons:
#   The system is out of physical RAM or swap space
#   The process is running with CompressedOops enabled, and the Java Heap may be blocking the growth of the native heap
# Possible solutions:
#   Reduce memory load on the system
#   Increase physical memory or swap space
#   Check if swap backing store is full
#   Decrease Java heap size (-Xmx/-Xms)
#   Decrease number of Java threads
#   Decrease Java thread stack sizes (-Xss)
#   Set larger code cache with -XX:ReservedCodeCacheSize=
#   JVM is running with Unscaled Compressed Oops mode in which the Java heap is
#     placed in the first 4GB address space. The Java Heap base address is the
#     maximum limit for the native heap growth. Please use -XX:HeapBaseMinAddress
#     to set the Java Heap base and to place the Java Heap above 4GB virtual address.
# This output file may be truncated or incomplete.
#
#  Out of Memory Error (memory/allocation.inline.hpp:61), pid=9164, tid=0x0000000000000a48
#
# JRE version:  (8.0_242-b01) (build )
# Java VM: OpenJDK 64-Bit Server VM (25.242-b01 mixed mode windows-amd64 compressed oops)
# Failed to write core dump. Minidumps are not enabled by default on client versions of Windows
#

---------------  T H R E A D  ---------------

Current thread (0x000000000263a000):  JavaThread "Unknown thread" [_thread_in_vm, id=2632, stack(0x0000000002530000,0x0000000002630000)]

Stack: [0x0000000002530000,0x0000000002630000]
[error occurred during error reporting (printing stack bounds), id 0xc0000005]

Native frames: (J=compiled Java code, j=interpreted, Vv=VM code, C=native code)


---------------  P R O C E S S  ---------------

Java Threads: ( => current thread )

Other Threads:

=>0x000000000263a000 (exited) JavaThread "Unknown thread" [_thread_in_vm, id=2632, stack(0x0000000002530000,0x0000000002630000)]

VM state:not at safepoint (normal execution)

VM Mutex/Monitor currently owned by a thread: None

heap address: 0x0000000081600000, size: 2026 MB, Compressed Oops mode: 32-bit
Narrow klass base: 0x0000000000000000, Narrow klass shift: 3
Compressed class space size: 1073741824 Address: 0x0000000100000000

Heap:
 PSYoungGen      total 38400K, used 665K [0x00000000d5d00000, 0x00000000d8780000, 0x0000000100000000)
  eden space 33280K, 2% used [0x00000000d5d00000,0x00000000d5da6670,0x00000000d7d80000)
  from space 5120K, 0% used [0x00000000d8280000,0x00000000d8280000,0x00000000d8780000)
  to   space 5120K, 0% used [0x00000000d7d80000,0x00000000d7d80000,0x00000000d8280000)
 ParOldGen       total 87552K, used 0K [0x0000000081600000, 0x0000000086b80000, 0x00000000d5d00000)
  object space 87552K, 0% used [0x0000000081600000,0x0000000081600000,0x0000000086b80000)
 Metaspace       used 779K, capacity 4480K, committed 4480K, reserved 1060864K
  class space    used 74K, capacity 384K, committed 384K, reserved 1048576K

Card table byte_map: [0x0000000011af0000,0x0000000011ef0000] byte_map_base: 0x00000000116e5000

Marking Bits: (ParMarkBitMap*) 0x0000000075c3f030
 Begin Bits: [0x00000000129a0000, 0x0000000014948000)
 End Bits:   [0x0000000014948000, 0x00000000168f0000)

Polling page: 0x0000000002360000

CodeCache: size=245760Kb used=327Kb max_used=327Kb free=245432Kb
 bounds [0x0000000002730000, 0x00000000029a0000, 0x0000000011730000]
 total_blobs=56 nmethods=0 adapters=38
 compilation: enabled

Compilation events (0 events):
No events

GC Heap History (0 events):
No events

Deoptimization events (0 events):
No events

Classes redefined (0 events):
No events

Internal exceptions (0 events):
No events

Events (10 events):
Event: 0.028 loading class java/lang/Short
Event: 0.028 loading class java/lang/Short done
Event: 0.028 loading class java/lang/Integer
Event: 0.028 loading class java/lang/Integer done
Event: 0.028 loading class java/lang/Long
Event: 0.028 loading class java/lang/Long done
Event: 0.029 loading class java/lang/NullPointerException
Event: 0.029 loading class java/lang/NullPointerException done
Event: 0.029 loading class java/lang/ArithmeticException
Event: 0.029 loading class java/lang/ArithmeticException done


Dynamic libraries:
0x00007ff7b8650000 - 0x00007ff7b8681000 	D:\Program Files\Android\Android_Studio\jre\jre\bin\java.exe
0x00007ff9c05c0000 - 0x00007ff9c07b0000 	C:\Windows\SYSTEM32\ntdll.dll
0x00007ff994530000 - 0x00007ff994543000 	C:\Program Files\Avast Software\Avast\aswhook.dll
0x00007ff9bf6c0000 - 0x00007ff9bf772000 	C:\Windows\System32\KERNEL32.DLL
0x00007ff9be340000 - 0x00007ff9be5e4000 	C:\Windows\System32\KERNELBASE.dll
0x00007ff9be790000 - 0x00007ff9be833000 	C:\Windows\System32\ADVAPI32.dll
0x00007ff9be930000 - 0x00007ff9be9ce000 	C:\Windows\System32\msvcrt.dll
0x00007ff9bf9e0000 - 0x00007ff9bfa77000 	C:\Windows\System32\sechost.dll
0x00007ff9bece0000 - 0x00007ff9bee00000 	C:\Windows\System32\RPCRT4.dll
0x00007ff9bf520000 - 0x00007ff9bf6b4000 	C:\Windows\System32\USER32.dll
0x00007ff9be160000 - 0x00007ff9be181000 	C:\Windows\System32\win32u.dll
0x00007ff9bee00000 - 0x00007ff9bee26000 	C:\Windows\System32\GDI32.dll
0x00007ff9bdfc0000 - 0x00007ff9be156000 	C:\Windows\System32\gdi32full.dll
0x00007ff9bde40000 - 0x00007ff9bdede000 	C:\Windows\System32\msvcp_win.dll
0x00007ff9be1f0000 - 0x00007ff9be2ea000 	C:\Windows\System32\ucrtbase.dll
0x00007ff9b3070000 - 0x00007ff9b32f4000 	C:\Windows\WinSxS\amd64_microsoft.windows.common-controls_6595b64144ccf1df_6.0.18362.959_none_e6c7bbbf130c62bb\COMCTL32.dll
0x00007ff9c0240000 - 0x00007ff9c0575000 	C:\Windows\System32\combase.dll
0x00007ff9be5f0000 - 0x00007ff9be670000 	C:\Windows\System32\bcryptPrimitives.dll
0x00007ff9be760000 - 0x00007ff9be78e000 	C:\Windows\System32\IMM32.DLL
0x00000000729d0000 - 0x0000000072aa2000 	D:\Program Files\Android\Android_Studio\jre\jre\bin\msvcr100.dll
0x0000000075470000 - 0x0000000075cbb000 	D:\Program Files\Android\Android_Studio\jre\jre\bin\server\jvm.dll
0x00007ff9bee30000 - 0x00007ff9bee38000 	C:\Windows\System32\PSAPI.DLL
0x00007ff9af9e0000 - 0x00007ff9af9e9000 	C:\Windows\SYSTEM32\WSOCK32.dll
0x00007ff9bf840000 - 0x00007ff9bf8af000 	C:\Windows\System32\WS2_32.dll
0x00007ff9bb3e0000 - 0x00007ff9bb404000 	C:\Windows\SYSTEM32\WINMM.dll
0x00007ff9b84e0000 - 0x00007ff9b84ea000 	C:\Windows\SYSTEM32\VERSION.dll
0x00007ff9baf60000 - 0x00007ff9baf8d000 	C:\Windows\SYSTEM32\WINMMBASE.dll
0x00007ff9be2f0000 - 0x00007ff9be33a000 	C:\Windows\System32\cfgmgr32.dll
0x00007ff9b9e10000 - 0x00007ff9b9e1f000 	D:\Program Files\Android\Android_Studio\jre\jre\bin\verify.dll
0x00007ff9b9d90000 - 0x00007ff9b9db9000 	D:\Program Files\Android\Android_Studio\jre\jre\bin\java.dll
0x00007ff9b9df0000 - 0x00007ff9b9e06000 	D:\Program Files\Android\Android_Studio\jre\jre\bin\zip.dll

VM Arguments:
java_command: org.jetbrains.kotlin.cli.jvm.K2JVMCompiler -Xallow-no-source-files -classpath D:\Games\Instaclone\app\build\intermediates\compile_and_runtime_not_namespaced_r_class_jar\debug\R.jar;C:\Users\Win 10\.gradle\caches\transforms-2\files-2.1\1f47f0007d0aa7e0dc76e181566faf5b\jetified-kotlin-android-extensions-runtime-1.3.72.jar;C:\Users\Win 10\.gradle\caches\transforms-2\files-2.1\3dd161b681699301046f60e062f2e6b7\navigation-fragment-ktx-2.3.0-api.jar;C:\Users\Win 10\.gradle\caches\transforms-2\files-2.1\a0ade142c2d75cd5b9edb2b80fc12262\jetified-fragment-ktx-1.2.4-api.jar;C:\Users\Win 10\.gradle\caches\transforms-2\files-2.1\673ddec65639f69938b51304712912e1\navigation-ui-ktx-2.3.0-api.jar;C:\Users\Win 10\.gradle\caches\transforms-2\files-2.1\7265b8150676e044037193f07363d142\navigation-runtime-ktx-2.3.0-api.jar;C:\Users\Win 10\.gradle\caches\transforms-2\files-2.1\f03a80f3f8a7bcfa31a4d746262dc834\jetified-activity-ktx-1.1.0-api.jar;C:\Users\Win 10\.gradle\caches\transforms-2\files-2.1\dd9e48ef3bcbcbb6546109f9ac86cda2\jetified-core-ktx-1.3.1-api.jar;C:\Users\Win 10\.gradle\caches\transforms-2\files-2.1\8c67b8fde9fbe120da5fee4569ab8ddd\jetified-lifecycle-viewmodel-ktx-2.2.0-api.jar;C:\Users\Win 10\.gradle\caches\transforms-2\files-2.1\c115027893b1f054b1e4ff01bf8403d0\navigation-common-ktx-2.3.0-api.jar;C:\Users\Win 10\.gradle\caches\transforms-2\files-2.1\02d9ca24669a3f2c5e701748a34c77c0\jetified-collection-ktx-1.1.0.jar;C:\Users\Win 10\.gradle\caches\transforms-2\files-2.1\e870416365891488c91ac6b077c8f5fb\jetified-lifecycle-livedata-core-ktx-2.2.0-api.jar;C:\Users\Win 10\.gradle\caches\transforms-2\files-2.1\5ee3d6c24670c4462c71ade04899dce9\jetified-lifecycle-runtime-ktx-2.2.0-api.jar;C:\Users\Win 10\.gradle\caches\transforms-2\files-2.1\2ad25b310684714741d057d6ccb5ee8e\jetified-kotlinx-coroutines-android-1.3.0.jar;C:\Users\Win 10\.gradle\caches\transforms-2\files-2.1\7aa47fdc9c9ea25c0a43c2e130cfa48e\jetified-kotlinx-coroutines-core-1.3.0.jar;C:\Users\Win 10\.g
java_class_path (initial): C:\Users\Win 10\.gradle\caches\modules-2\files-2.1\org.jetbrains.kotlin\kotlin-compiler-embeddable\1.3.72\fb72232c8fa977d5e07d33c43381ddbdc5edab6\kotlin-compiler-embeddable-1.3.72.jar;C:\Users\Win 10\.gradle\caches\modules-2\files-2.1\org.jetbrains.kotlin\kotlin-reflect\1.3.72\86613e1a669a701b0c660bfd2af4f82a7ae11fca\kotlin-reflect-1.3.72.jar;C:\Users\Win 10\.gradle\caches\modules-2\files-2.1\org.jetbrains.kotlin\kotlin-stdlib\1.3.72\8032138f12c0180bc4e51fe139d4c52b46db6109\kotlin-stdlib-1.3.72.jar;C:\Users\Win 10\.gradle\caches\modules-2\files-2.1\org.jetbrains.kotlin\kotlin-script-runtime\1.3.72\657d8d34d91e1964b4439378c09933e840bfe8d5\kotlin-script-runtime-1.3.72.jar;C:\Users\Win 10\.gradle\caches\modules-2\files-2.1\org.jetbrains.kotlin\kotlin-daemon-embeddable\1.3.72\53bbaa2816dbf6bdb85f629451b1fcc88f2164d2\kotlin-daemon-embeddable-1.3.72.jar;C:\Users\Win 10\.gradle\caches\modules-2\files-2.1\org.jetbrains.intellij.deps\trove4j\1.0.20181211\216c2e14b070f334479d800987affe4054cd563f\trove4j-1.0.20181211.jar;C:\Users\Win 10\.gradle\caches\modules-2\files-2.1\org.jetbrains.kotlin\kotlin-stdlib-common\1.3.72\6ca8bee3d88957eaaaef077c41c908c9940492d8\kotlin-stdlib-common-1.3.72.jar;C:\Users\Win 10\.gradle\caches\modules-2\files-2.1\org.jetbrains\annotations\13.0\919f0dfe192fb4e063e7dacadee7f8bb9a2672a9\annotations-13.0.jar;D:\Program Files\Android\Android_Studio\jre\lib\tools.jar
Launcher Type: SUN_STANDARD

Environment Variables:
PATH=C:\Program Files (x86)\Common Files\Oracle\Java\javapath;C:\Windows\system32;C:\Windows;C:\Windows\System32\Wbem;C:\Windows\System32\WindowsPowerShell\v1.0\;C:\Windows\System32\OpenSSH\;C:\Program Files\dotnet\;C:\Program Files\Microsoft SQL Server\130\Tools\Binn\;C:\Program Files\Microsoft SQL Server\Client SDK\ODBC\170\Tools\Binn\;C:\Program Files (x86)\Microsoft SQL Server\110\Tools\Binn\;C:\Program Files\Microsoft SQL Server\110\Tools\Binn\;C:\Program Files\Microsoft SQL Server\110\DTS\Binn\;C:\Program Files (x86)\Microsoft SQL Server\110\Tools\Binn\ManagementStudio\;C:\Program Files (x86)\Microsoft SQL Server\110\DTS\Binn\;C:\Program Files\Git\cmd;C:\Program Files\TortoiseSVN\bin;C:\Program Files\Microsoft SQL Server\Client SDK\ODBC\130\Tools\Binn\;C:\Program Files (x86)\Microsoft SQL Server\140\Tools\Binn\;C:\Program Files\Microsoft SQL Server\140\Tools\Binn\;C:\Program Files\Microsoft SQL Server\140\DTS\Binn\;C:\Program Files (x86)\Microsoft SQL Server\150\DTS\Binn\;C:\Program Files (x86)\Microsoft SQL Server\90\Tools\binn\;C:\Users\Win 10\AppData\Local\Microsoft\WindowsApps;C:\Users\Win 10\AppData\Local\GitHubDesktop\bin
USERNAME=Win 10
OS=Windows_NT
PROCESSOR_IDENTIFIER=AMD64 Family 21 Model 1 Stepping 2, AuthenticAMD



---------------  S Y S T E M  ---------------

OS: Windows 10.0 , 64 bit Build 18362 (10.0.18362.959)

CPU:total 8 (initial active 8) (8 cores per cpu, 1 threads per core) family 21 model 1 stepping 2, cmov, cx8, fxsr, mmx, sse, sse2, sse3, ssse3, sse4.1, sse4.2, popcnt, avx, aes, clmul, mmxext, 3dnowpref, lzcnt, sse4a, tsc, tscinvbit, tscinv

Memory: 4k page, physical 8294308k(699136k free), swap 11440036k(5668k free)

vm_info: OpenJDK 64-Bit Server VM (25.242-b01) for windows-amd64 JRE (1.8.0_242-release-1644-b01), built by "builder" with MS VC++ 10.0 (VS2010)

time: Mon Aug 03 21:43:03 2020
timezone: Hora oficial do Brasil
elapsed time: 0 seconds (0d 0h 0m 0s)

